<?xml version="1.0" encoding="UTF-8"?>
<!-- Generated by org.testng.reporters.JUnitXMLReporter -->
<testsuite ignored="0" hostname="FFE-Penugonda-Sai-Durga" failures="0" tests="2" name="Test-Runner1" time="0.147" errors="0" timestamp="2025-08-20T12:39:50 IST">
  <testcase classname="ninzaCRm.genericUtilities.BaseClass" name="@BeforeTest bcconfig" time="0.015">
    <failure type="java.lang.NullPointerException" message="Cannot invoke &amp;quot;org.openqa.selenium.WebDriver.manage()&amp;quot; because &amp;quot;driver&amp;quot; is null">
      <![CDATA[java.lang.NullPointerException: Cannot invoke "org.openqa.selenium.WebDriver.manage()" because "driver" is null
at ninzaCRm.genericUtilities.WebDriverUtility.maximizeWindow(WebDriverUtility.java:39)
at ninzaCRm.genericUtilities.BaseClass.bcconfig(BaseClass.java:55)
at java.base/java.util.concurrent.FutureTask.run(FutureTask.java:317)
at java.base/java.util.concurrent.ThreadPoolExecutor.runWorker(ThreadPoolExecutor.java:1144)
at java.base/java.util.concurrent.ThreadPoolExecutor$Worker.run(ThreadPoolExecutor.java:642)
at java.base/java.lang.Thread.run(Thread.java:1583)
... Removed 12 stack frames]]>
    </failure>
  </testcase> <!-- @BeforeTest bcconfig -->
  <testcase classname="ninzaCRm.genericUtilities.BaseClass" name="@BeforeMethod bmconfig" time="0.0">
    <skipped/>
  </testcase> <!-- @BeforeMethod bmconfig -->
  <testcase classname="ninzaCRm.genericUtilities.BaseClass" name="@AfterMethod amconfig" time="0.0">
    <skipped/>
  </testcase> <!-- @AfterMethod amconfig -->
  <testcase classname="ninzaCRm.genericUtilities.BaseClass" name="@BeforeMethod bmconfig" time="0.0">
    <skipped/>
  </testcase> <!-- @BeforeMethod bmconfig -->
  <testcase classname="ninzaCRm.genericUtilities.BaseClass" name="@AfterMethod amconfig" time="0.0">
    <skipped/>
  </testcase> <!-- @AfterMethod amconfig -->
  <testcase classname="ninzaCRm.genericUtilities.BaseClass" name="@AfterTest acconfig" time="0.0">
    <skipped/>
  </testcase> <!-- @AfterTest acconfig -->
  <testcase classname="NinzaCrm.CampaignTest.CampaignTest" name="CreateCampaignTest" time="0.001">
    <skipped/>
  </testcase> <!-- CreateCampaignTest -->
  <testcase classname="NinzaCrm.CampaignTest.CampaignTest" name="sample" time="0.001">
    <skipped/>
  </testcase> <!-- sample -->
</testsuite> <!-- Test-Runner1 -->
